<?xml version="1.0" encoding="UTF-8"?>
<!-- Generated by org.testng.reporters.JUnitReportReporter -->
<testsuite hostname="Yeasin" failures="0" tests="1" name="testCases.TC001_AccountRegistrationTest" time="3.260" errors="0" timestamp="2024-12-23T20:36:23 EST" skipped="0">
  <testcase classname="testCases.TC001_AccountRegistrationTest" name="verify_account_registration" time="3.260"/>
</testsuite> <!-- testCases.TC001_AccountRegistrationTest -->
